UNSAFE
 /Users/matt/Dropbox/cis194/06/flycheck_Fibonacci.hs:18:41-45: Error: Liquid Type Mismatch
   Inferred type
     VV : [Integer] | VV == Fibonacci.fibs2 && len VV >= 0
  
   not a subtype of Required type
     VV : [Integer] | len VV > 0
  
   In Context
     VV : [Integer] | VV == Fibonacci.fibs2 && len VV >= 0
     Fibonacci.fibs2
        : [Integer] | len Fibonacci.fibs2 >= 0
 /Users/matt/Dropbox/cis194/06/flycheck_Fibonacci.hs:27:39-42: Error: Liquid Type Mismatch
   Inferred type
     VV : [Char] | len VV >= 0
  
   not a subtype of Required type
     VV : [Char] | len VV > 0
  
   In Context
     VV : [Char] | len VV >= 0
 /Users/matt/Dropbox/cis194/06/flycheck_Fibonacci.hs:27:46-49: Error: Liquid Type Mismatch
   Inferred type
     VV : [Char]
  
   not a subtype of Required type
     VV : [Char] | len VV > 0
  
   In Context
     VV : [Char] | len VV >= 0