UNSAFE
 /Users/matt/Dropbox/cis194/04/flycheck_hw4.hs:16:29-37: Error: Liquid Type Mismatch
   Inferred type
     VV : Integer | ?a >= 0 && ?c >= 0 => VV >= 0 && ?a >= 0 && ?c >= 1 => VV <= ?a && VV == ?b && VV == ?a / ?c
  
   not a subtype of Required type
     VV : Integer | VV >= 0 && VV < ?a
  
   In Context
     VV : Integer | ?a >= 0 && ?c >= 0 => VV >= 0 && ?a >= 0 && ?c >= 1 => VV <= ?a && VV == ?b && VV == ?a / ?c
     ?a : Integer
     ?b : Integer | ?a >= 0 && ?c >= 0 => ?b >= 0 && ?a >= 0 && ?c >= 1 => ?b <= ?a && ?b == ?a / ?c
     ?c : Integer | ?c == 2
 /Users/matt/Dropbox/cis194/04/flycheck_hw4.hs:17:28-36: Error: Liquid Type Mismatch
   Inferred type
     VV : Integer | VV == ?d && VV == ?b + ?a
  
   not a subtype of Required type
     VV : Integer | VV >= 0 && VV < ?c
  
   In Context
     VV : Integer | VV == ?d && VV == ?b + ?a
     ?a : Integer | ?a == 1
     ?b : Integer | ?e > 0 && ?c > 0 => ?b >= ?e && ?b >= ?c && ?e > 1 && ?c > 1 => ?b > ?e && ?b > ?c && ?e == 0 || ?c == 0 => ?b == 0
     ?d : Integer | ?d == ?b + ?a
     ?e : Integer | ?e == 3
     ?c : Integer
 /Users/matt/Dropbox/cis194/04/flycheck_hw4.hs:30:1-7: Error: Termination Error on Hw4.insElem
 No decreasing parameter