UNSAFE
 /Users/matt/Dropbox/cis194/01/flycheck_penn.hs:17:30-32: Error: Liquid Type Mismatch
   Inferred type
     VV : Integer | VV == ?b && VV == ?a - ?c
  
   not a subtype of Required type
     VV : Integer | VV >= 0 && VV < ?a
  
   In Context
     VV : Integer | VV == ?b && VV == ?a - ?c
     ?b : Integer | ?b == ?a - ?c
     ?a : Integer
     ?c : Integer | ?c == 1
 /Users/matt/Dropbox/cis194/01/flycheck_penn.hs:26:36-46: Error: Liquid Type Mismatch
   Inferred type
     VV : Integer | VV == ?b
  
   not a subtype of Required type
     VV : Integer | VV >= 0 && VV < ?a
  
   In Context
     VV : Integer | VV == ?b
     ?b : Integer
     ?a : Integer
 /Users/matt/Dropbox/cis194/01/flycheck_penn.hs:61:34-37: Error: Liquid Type Mismatch
   Inferred type
     VV : [Char] | len VV >= 0
  
   not a subtype of Required type
     VV : [Char] | len VV > 0
  
   In Context
     VV : [Char] | len VV >= 0
 /Users/matt/Dropbox/cis194/01/flycheck_penn.hs:61:41-44: Error: Liquid Type Mismatch
   Inferred type
     VV : [Char]
  
   not a subtype of Required type
     VV : [Char] | len VV > 0
  
   In Context
     VV : [Char] | len VV >= 0
 /Users/matt/Dropbox/cis194/01/flycheck_penn.hs:77:24-29: Error: Liquid Type Mismatch
   Inferred type
     VV : Integer | VV == ?b
  
   not a subtype of Required type
     VV : Integer | VV >= 0 && VV < ?a
  
   In Context
     VV : Integer | VV == ?b
     ?b : Integer
     ?a : Integer
 /Users/matt/Dropbox/cis194/01/flycheck_penn.hs:77:60-65: Error: Liquid Type Mismatch
   Inferred type
     VV : Integer | VV == ?b
  
   not a subtype of Required type
     VV : Integer | VV >= 0 && VV < ?a
  
   In Context
     VV : Integer | VV == ?b
     ?b : Integer
     ?a : Integer
 /Users/matt/Dropbox/cis194/01/flycheck_penn.hs:172:1-6: Error: Termination Error on Example.toList
 No decreasing parameter
 /Users/matt/Dropbox/cis194/01/flycheck_penn.hs:188:29-30: Error: Liquid Type Mismatch
   Inferred type
     VV : [a] | VV == xs && len VV >= 0
  
   not a subtype of Required type
     VV : [a] | len VV > 0
  
   In Context
     VV : [a] | VV == xs && len VV >= 0
     xs : [a] | len v >= 0